<?xml version="1.0" encoding="UTF-8"?>
<!-- Generated by org.testng.reporters.JUnitXMLReporter -->
<testsuite ignored="3" hostname="Swapnil-PC" failures="0" tests="1" name="Default test" time="4.02" errors="0" timestamp="2024-08-26T15:52:00 IST">
  <testcase classname="RestAPI.ITestListnerclass" name="UITest" time="3.466"/>
  <testcase classname="RestAPI.ITestListnerclass" name="delete" time="0.0">
    <ignored/>
  </testcase> <!-- delete -->
  <testcase classname="RestAPI.ITestListnerclass" name="strmethod" time="0.0">
    <ignored/>
  </testcase> <!-- strmethod -->
  <testcase classname="RestAPI.ITestListnerclass" name="UpdateMethod" time="0.0">
    <ignored/>
  </testcase> <!-- UpdateMethod -->
</testsuite> <!-- Default test -->
